Grammar

    0 $accept: e $end

    1 e: e '+' e
    2  | e '-' e
    3  | e '*' e
    4  | e '/' e
    5  | e '^' e
    6  | '(' e ')'
    7  | '-' e
    8  | '+' e
    9  | NUMBER


Terminals, with rules where they appear

$end (0) 0
'(' (40) 6
')' (41) 6
'*' (42) 3
'+' (43) 1 8
'-' (45) 2 7
'/' (47) 4
'^' (94) 5
error (256)
NUMBER (258) 9


Nonterminals, with rules where they appear

$accept (11)
    on left: 0
e (12)
    on left: 1 2 3 4 5 6 7 8 9, on right: 0 1 2 3 4 5 6 7 8


State 0

    0 $accept: . e $end

    NUMBER  shift, and go to state 1
    '+'     shift, and go to state 2
    '-'     shift, and go to state 3
    '('     shift, and go to state 4

    e  go to state 5


State 1

    9 e: NUMBER .

    $default  reduce using rule 9 (e)


State 2

    8 e: '+' . e

    NUMBER  shift, and go to state 1
    '+'     shift, and go to state 2
    '-'     shift, and go to state 3
    '('     shift, and go to state 4

    e  go to state 6


State 3

    7 e: '-' . e

    NUMBER  shift, and go to state 1
    '+'     shift, and go to state 2
    '-'     shift, and go to state 3
    '('     shift, and go to state 4

    e  go to state 7


State 4

    6 e: '(' . e ')'

    NUMBER  shift, and go to state 1
    '+'     shift, and go to state 2
    '-'     shift, and go to state 3
    '('     shift, and go to state 4

    e  go to state 8


State 5

    0 $accept: e . $end
    1 e: e . '+' e
    2  | e . '-' e
    3  | e . '*' e
    4  | e . '/' e
    5  | e . '^' e

    $end  shift, and go to state 9
    '+'   shift, and go to state 10
    '-'   shift, and go to state 11
    '*'   shift, and go to state 12
    '/'   shift, and go to state 13
    '^'   shift, and go to state 14


State 6

    1 e: e . '+' e
    2  | e . '-' e
    3  | e . '*' e
    4  | e . '/' e
    5  | e . '^' e
    8  | '+' e .

    '*'  shift, and go to state 12
    '/'  shift, and go to state 13
    '^'  shift, and go to state 14

    $default  reduce using rule 8 (e)


State 7

    1 e: e . '+' e
    2  | e . '-' e
    3  | e . '*' e
    4  | e . '/' e
    5  | e . '^' e
    7  | '-' e .

    '*'  shift, and go to state 12
    '/'  shift, and go to state 13
    '^'  shift, and go to state 14

    $default  reduce using rule 7 (e)


State 8

    1 e: e . '+' e
    2  | e . '-' e
    3  | e . '*' e
    4  | e . '/' e
    5  | e . '^' e
    6  | '(' e . ')'

    '+'  shift, and go to state 10
    '-'  shift, and go to state 11
    '*'  shift, and go to state 12
    '/'  shift, and go to state 13
    '^'  shift, and go to state 14
    ')'  shift, and go to state 15


State 9

    0 $accept: e $end .

    $default  accept


State 10

    1 e: e '+' . e

    NUMBER  shift, and go to state 1
    '+'     shift, and go to state 2
    '-'     shift, and go to state 3
    '('     shift, and go to state 4

    e  go to state 16


State 11

    2 e: e '-' . e

    NUMBER  shift, and go to state 1
    '+'     shift, and go to state 2
    '-'     shift, and go to state 3
    '('     shift, and go to state 4

    e  go to state 17


State 12

    3 e: e '*' . e

    NUMBER  shift, and go to state 1
    '+'     shift, and go to state 2
    '-'     shift, and go to state 3
    '('     shift, and go to state 4

    e  go to state 18


State 13

    4 e: e '/' . e

    NUMBER  shift, and go to state 1
    '+'     shift, and go to state 2
    '-'     shift, and go to state 3
    '('     shift, and go to state 4

    e  go to state 19


State 14

    5 e: e '^' . e

    NUMBER  shift, and go to state 1
    '+'     shift, and go to state 2
    '-'     shift, and go to state 3
    '('     shift, and go to state 4

    e  go to state 20


State 15

    6 e: '(' e ')' .

    $default  reduce using rule 6 (e)


State 16

    1 e: e . '+' e
    1  | e '+' e .
    2  | e . '-' e
    3  | e . '*' e
    4  | e . '/' e
    5  | e . '^' e

    '*'  shift, and go to state 12
    '/'  shift, and go to state 13
    '^'  shift, and go to state 14

    $default  reduce using rule 1 (e)


State 17

    1 e: e . '+' e
    2  | e . '-' e
    2  | e '-' e .
    3  | e . '*' e
    4  | e . '/' e
    5  | e . '^' e

    '*'  shift, and go to state 12
    '/'  shift, and go to state 13
    '^'  shift, and go to state 14

    $default  reduce using rule 2 (e)


State 18

    1 e: e . '+' e
    2  | e . '-' e
    3  | e . '*' e
    3  | e '*' e .
    4  | e . '/' e
    5  | e . '^' e

    '^'  shift, and go to state 14

    $default  reduce using rule 3 (e)


State 19

    1 e: e . '+' e
    2  | e . '-' e
    3  | e . '*' e
    4  | e . '/' e
    4  | e '/' e .
    5  | e . '^' e

    '^'  shift, and go to state 14

    $default  reduce using rule 4 (e)


State 20

    1 e: e . '+' e
    2  | e . '-' e
    3  | e . '*' e
    4  | e . '/' e
    5  | e . '^' e
    5  | e '^' e .

    '^'  shift, and go to state 14

    $default  reduce using rule 5 (e)
